[14:54:10] [Server thread/INFO]: Loading properties
[14:54:10] [Server thread/INFO]: This server is running Paper version git-Paper-223 (MC: 1.14.4) (Implementing API version 1.14.4-R0.1-SNAPSHOT)
[14:54:10] [Server thread/INFO]: Debug logging is disabled
[14:54:10] [Server thread/INFO]: Server Ping Player Sample Count: 12
[14:54:10] [Server thread/INFO]: Using 4 threads for Netty based IO
[14:54:10] [Server thread/INFO]: Default game type: SURVIVAL
[14:54:10] [Server thread/INFO]: Generating keypair
[14:54:10] [Server thread/INFO]: Starting Minecraft server on *:25565
[14:54:10] [Server thread/INFO]: Using default channel type
[14:54:14] [Server thread/INFO]: [mcMMO] Loading mcMMO v2.1.65
[14:54:14] [Server thread/INFO]: [WorldBorder] Loading WorldBorder v1.9.10 (beta)
[14:54:14] [Server thread/INFO]: [Multiverse-Core] Loading Multiverse-Core v4.1.0-b775
[14:54:14] [Server thread/INFO]: [Multiverse-Portals] Loading Multiverse-Portals v4.1.0-b805
[14:54:14] [Server thread/INFO]: Server permissions file permissions.yml is empty, ignoring it
[14:54:14] [Server thread/INFO]: [mcMMO] Enabling mcMMO v2.1.65
[14:54:14] [Server thread/INFO]: [mcMMO] enabling Acrobatics Skills
[14:54:14] [Server thread/INFO]: [mcMMO] registered subskill: Roll
[14:54:14] [Server thread/INFO]: [mcMMO] 0 entries in mcMMO World Blacklist
[14:54:14] [Server thread/INFO]: Preparing level "world"
[14:54:14] [Server thread/INFO]: Reloading ResourceManager: Default, bukkit, afk display v1.0.1.zip, customizable armor stands v2.4.0.zip, kill empty boats v1.0.0.zip, more mob heads v2.1.0.zip, multiplayer sleep v1.0.1.zip, player graves v1.5.1.zip, silence mobs v1.0.0.zip
[14:54:15] [Server thread/INFO]: Loaded 6 recipes
[14:54:15] [Server thread/WARN]: Found validation problem in {minecraft:entities/shulker}.pools[2].entries[0]: Unknown loot table called minecraft:entities/reference/extra/shulker
[14:54:15] [Server thread/WARN]: Found validation problem in {minecraft:entities/ender_dragon}.pools[0].entries[0]: Unknown loot table called minecraft:entities/reference/extra/ender_dragon
[14:54:15] [Server thread/INFO]: Loaded 65 custom command functions
[14:54:15] [Server thread/INFO]: -------- World Settings For [world] --------
[14:54:15] [Server thread/INFO]: View Distance: 13
[14:54:15] [Server thread/INFO]: Item Despawn Rate: 6000
[14:54:15] [Server thread/INFO]: Item Merge Radius: 4.0
[14:54:15] [Server thread/INFO]: Arrow Despawn Rate: 1200
[14:54:15] [Server thread/INFO]: Allow Zombie Pigmen to spawn from portal blocks: true
[14:54:15] [Server thread/INFO]: Zombie Aggressive Towards Villager: true
[14:54:15] [Server thread/INFO]: Nerfing mobs spawned from spawners: false
[14:54:15] [Server thread/INFO]: Experience Merge Radius: 6.0
[14:54:15] [Server thread/INFO]: Mob Spawn Range: 8
[14:54:15] [Server thread/INFO]: Cactus Growth Modifier: 100%
[14:54:15] [Server thread/INFO]: Cane Growth Modifier: 100%
[14:54:15] [Server thread/INFO]: Melon Growth Modifier: 100%
[14:54:15] [Server thread/INFO]: Mushroom Growth Modifier: 100%
[14:54:15] [Server thread/INFO]: Pumpkin Growth Modifier: 100%
[14:54:15] [Server thread/INFO]: Sapling Growth Modifier: 100%
[14:54:15] [Server thread/INFO]: Beetroot Growth Modifier: 100%
[14:54:15] [Server thread/INFO]: Carrot Growth Modifier: 100%
[14:54:15] [Server thread/INFO]: Potato Growth Modifier: 100%
[14:54:15] [Server thread/INFO]: Wheat Growth Modifier: 100%
[14:54:15] [Server thread/INFO]: NetherWart Growth Modifier: 100%
[14:54:15] [Server thread/INFO]: Vine Growth Modifier: 100%
[14:54:15] [Server thread/INFO]: Cocoa Growth Modifier: 100%
[14:54:15] [Server thread/INFO]: Bamboo Growth Modifier: 100%
[14:54:15] [Server thread/INFO]: SweetBerry Growth Modifier: 100%
[14:54:15] [Server thread/INFO]: Kelp Growth Modifier: 100%
[14:54:15] [Server thread/INFO]: Max TNT Explosions: 100
[14:54:15] [Server thread/INFO]: Entity Activation Range: An 32 / Mo 32 / Ra 48 / Mi 16 / Tiv true
[14:54:15] [Server thread/INFO]: Tile Max Tick Time: 50ms Entity max Tick Time: 50ms
[14:54:15] [Server thread/INFO]: Entity Tracking Range: Pl 48 / An 48 / Mo 48 / Mi 32 / Other 64
[14:54:15] [Server thread/INFO]: Hopper Transfer: 8 Hopper Check: 1 Hopper Amount: 1
[14:54:15] [Server thread/INFO]: Custom Map Seeds:  Village: 10387312 Desert: 14357617 Igloo: 14357618 Jungle: 14357619 Swamp: 14357620 Monument: 10387313Ocean: 14357621 Shipwreck: 165745295 Slime: 987234911
[14:54:15] [Server thread/INFO]: -------- World Settings For [world_nether] --------
[14:54:15] [Server thread/INFO]: View Distance: 13
[14:54:15] [Server thread/INFO]: Item Despawn Rate: 6000
[14:54:15] [Server thread/INFO]: Item Merge Radius: 4.0
[14:54:15] [Server thread/INFO]: Arrow Despawn Rate: 1200
[14:54:15] [Server thread/INFO]: Allow Zombie Pigmen to spawn from portal blocks: true
[14:54:15] [Server thread/INFO]: Zombie Aggressive Towards Villager: true
[14:54:15] [Server thread/INFO]: Nerfing mobs spawned from spawners: false
[14:54:15] [Server thread/INFO]: Experience Merge Radius: 6.0
[14:54:15] [Server thread/INFO]: Mob Spawn Range: 8
[14:54:15] [Server thread/INFO]: Cactus Growth Modifier: 100%
[14:54:15] [Server thread/INFO]: Cane Growth Modifier: 100%
[14:54:15] [Server thread/INFO]: Melon Growth Modifier: 100%
[14:54:15] [Server thread/INFO]: Mushroom Growth Modifier: 100%
[14:54:15] [Server thread/INFO]: Pumpkin Growth Modifier: 100%
[14:54:15] [Server thread/INFO]: Sapling Growth Modifier: 100%
[14:54:15] [Server thread/INFO]: Beetroot Growth Modifier: 100%
[14:54:15] [Server thread/INFO]: Carrot Growth Modifier: 100%
[14:54:15] [Server thread/INFO]: Potato Growth Modifier: 100%
[14:54:15] [Server thread/INFO]: Wheat Growth Modifier: 100%
[14:54:15] [Server thread/INFO]: NetherWart Growth Modifier: 100%
[14:54:15] [Server thread/INFO]: Vine Growth Modifier: 100%
[14:54:15] [Server thread/INFO]: Cocoa Growth Modifier: 100%
[14:54:15] [Server thread/INFO]: Bamboo Growth Modifier: 100%
[14:54:15] [Server thread/INFO]: SweetBerry Growth Modifier: 100%
[14:54:15] [Server thread/INFO]: Kelp Growth Modifier: 100%
[14:54:15] [Server thread/INFO]: Max TNT Explosions: 100
[14:54:15] [Server thread/INFO]: Entity Activation Range: An 32 / Mo 32 / Ra 48 / Mi 16 / Tiv true
[14:54:15] [Server thread/INFO]: Tile Max Tick Time: 50ms Entity max Tick Time: 50ms
[14:54:15] [Server thread/INFO]: Entity Tracking Range: Pl 48 / An 48 / Mo 48 / Mi 32 / Other 64
[14:54:15] [Server thread/INFO]: Hopper Transfer: 8 Hopper Check: 1 Hopper Amount: 1
[14:54:15] [Server thread/INFO]: Custom Map Seeds:  Village: 10387312 Desert: 14357617 Igloo: 14357618 Jungle: 14357619 Swamp: 14357620 Monument: 10387313Ocean: 14357621 Shipwreck: 165745295 Slime: 987234911
[14:54:15] [Server thread/INFO]: -------- World Settings For [world_the_end] --------
[14:54:15] [Server thread/INFO]: View Distance: 13
[14:54:15] [Server thread/INFO]: Item Despawn Rate: 6000
[14:54:15] [Server thread/INFO]: Item Merge Radius: 4.0
[14:54:15] [Server thread/INFO]: Arrow Despawn Rate: 1200
[14:54:15] [Server thread/INFO]: Allow Zombie Pigmen to spawn from portal blocks: true
[14:54:15] [Server thread/INFO]: Zombie Aggressive Towards Villager: true
[14:54:15] [Server thread/INFO]: Nerfing mobs spawned from spawners: false
[14:54:15] [Server thread/INFO]: Experience Merge Radius: 6.0
[14:54:15] [Server thread/INFO]: Mob Spawn Range: 8
[14:54:15] [Server thread/INFO]: Cactus Growth Modifier: 100%
[14:54:15] [Server thread/INFO]: Cane Growth Modifier: 100%
[14:54:15] [Server thread/INFO]: Melon Growth Modifier: 100%
[14:54:15] [Server thread/INFO]: Mushroom Growth Modifier: 100%
[14:54:15] [Server thread/INFO]: Pumpkin Growth Modifier: 100%
[14:54:15] [Server thread/INFO]: Sapling Growth Modifier: 100%
[14:54:15] [Server thread/INFO]: Beetroot Growth Modifier: 100%
[14:54:15] [Server thread/INFO]: Carrot Growth Modifier: 100%
[14:54:15] [Server thread/INFO]: Potato Growth Modifier: 100%
[14:54:15] [Server thread/INFO]: Wheat Growth Modifier: 100%
[14:54:15] [Server thread/INFO]: NetherWart Growth Modifier: 100%
[14:54:15] [Server thread/INFO]: Vine Growth Modifier: 100%
[14:54:15] [Server thread/INFO]: Cocoa Growth Modifier: 100%
[14:54:15] [Server thread/INFO]: Bamboo Growth Modifier: 100%
[14:54:15] [Server thread/INFO]: SweetBerry Growth Modifier: 100%
[14:54:15] [Server thread/INFO]: Kelp Growth Modifier: 100%
[14:54:15] [Server thread/INFO]: Max TNT Explosions: 100
[14:54:15] [Server thread/INFO]: Entity Activation Range: An 32 / Mo 32 / Ra 48 / Mi 16 / Tiv true
[14:54:15] [Server thread/INFO]: Tile Max Tick Time: 50ms Entity max Tick Time: 50ms
[14:54:15] [Server thread/INFO]: Entity Tracking Range: Pl 48 / An 48 / Mo 48 / Mi 32 / Other 64
[14:54:15] [Server thread/INFO]: Hopper Transfer: 8 Hopper Check: 1 Hopper Amount: 1
[14:54:15] [Server thread/INFO]: Custom Map Seeds:  Village: 10387312 Desert: 14357617 Igloo: 14357618 Jungle: 14357619 Swamp: 14357620 Monument: 10387313Ocean: 14357621 Shipwreck: 165745295 Slime: 987234911
[14:54:15] [Server thread/INFO]: Preparing start region for dimension 'world'/minecraft:overworld
[14:54:15] [Server thread/INFO]: Preparing spawn area: 0%
[14:54:16] [Server thread/INFO]: Preparing spawn area: 100%
[14:54:16] [Server thread/INFO]: Loaded 441 spawn chunks for world world
[14:54:16] [Server thread/INFO]: Time elapsed: 768 ms
[14:54:16] [Server thread/INFO]: Preparing start region for dimension 'world_nether'/minecraft:the_nether
[14:54:16] [Server thread/INFO]: Preparing spawn area: 0%
[14:54:16] [Server thread/INFO]: Loaded 441 spawn chunks for world world_nether
[14:54:16] [Server thread/INFO]: Time elapsed: 448 ms
[14:54:16] [Server thread/INFO]: Preparing start region for dimension 'world_the_end'/minecraft:the_end
[14:54:16] [Server thread/INFO]: Preparing spawn area: 0%
[14:54:17] [Server thread/INFO]: Preparing spawn area: 100%
[14:54:17] [Server thread/INFO]: Loaded 441 spawn chunks for world world_the_end
[14:54:17] [Server thread/INFO]: Time elapsed: 698 ms
[14:54:17] [Server thread/INFO]: [WorldBorder] Enabling WorldBorder v1.9.10 (beta)
[14:54:17] [Server thread/INFO]: [WorldBorder] [CONFIG] Using elliptic/round border, knockback of 3.0 blocks, and timer delay of 5.
[14:54:17] [Server thread/INFO]: [WorldBorder] [CONFIG] Border-checking timed task started.
[14:54:17] [Server thread/INFO]: [WorldBorder] [CONFIG] World "world" has border radius 2500 at X: 104.0 Z: -116.0
[14:54:17] [Server thread/INFO]: [WorldBorder] [CONFIG] World "websterhall" has border radius 2000 at X: -244.0 Z: 188.0
[14:54:17] [Server thread/INFO]: [WorldBorder] For reference, the main world's spawn location is at X: 104.0 Y: 85.0 Z: -116.0
[14:54:17] [Server thread/INFO]: [Multiverse-Core] Enabling Multiverse-Core v4.1.0-b775
[14:54:17] [Server thread/WARN]: [Multiverse-Core] "Multiverse-Core v4.1.0-b775" has registered a listener for org.bukkit.event.entity.EntityCreatePortalEvent on method "public void com.onarandombox.MultiverseCore.listeners.MVPortalListener.entityPortalCreate(org.bukkit.event.entity.EntityCreatePortalEvent)", but the event is Deprecated. "Server performance will be affected"; please notify the authors [Rigby, fernferret, lithium3141, main--, dumptruckman].
[14:54:17] [Server thread/INFO]: [Multiverse-Core] We are aware of the warning about the deprecated event. There is no alternative that allows us to do what we need to do. The performance impact is negligible.
[14:54:17] [Server thread/INFO]: -------- World Settings For [alliance] --------
[14:54:17] [Server thread/INFO]: View Distance: 13
[14:54:17] [Server thread/INFO]: Item Despawn Rate: 6000
[14:54:17] [Server thread/INFO]: Item Merge Radius: 4.0
[14:54:17] [Server thread/INFO]: Arrow Despawn Rate: 1200
[14:54:17] [Server thread/INFO]: Allow Zombie Pigmen to spawn from portal blocks: true
[14:54:17] [Server thread/INFO]: Zombie Aggressive Towards Villager: true
[14:54:17] [Server thread/INFO]: Nerfing mobs spawned from spawners: false
[14:54:17] [Server thread/INFO]: Experience Merge Radius: 6.0
[14:54:17] [Server thread/INFO]: Mob Spawn Range: 8
[14:54:17] [Server thread/INFO]: Cactus Growth Modifier: 100%
[14:54:17] [Server thread/INFO]: Cane Growth Modifier: 100%
[14:54:17] [Server thread/INFO]: Melon Growth Modifier: 100%
[14:54:17] [Server thread/INFO]: Mushroom Growth Modifier: 100%
[14:54:17] [Server thread/INFO]: Pumpkin Growth Modifier: 100%
[14:54:17] [Server thread/INFO]: Sapling Growth Modifier: 100%
[14:54:17] [Server thread/INFO]: Beetroot Growth Modifier: 100%
[14:54:17] [Server thread/INFO]: Carrot Growth Modifier: 100%
[14:54:17] [Server thread/INFO]: Potato Growth Modifier: 100%
[14:54:17] [Server thread/INFO]: Wheat Growth Modifier: 100%
[14:54:17] [Server thread/INFO]: NetherWart Growth Modifier: 100%
[14:54:17] [Server thread/INFO]: Vine Growth Modifier: 100%
[14:54:17] [Server thread/INFO]: Cocoa Growth Modifier: 100%
[14:54:17] [Server thread/INFO]: Bamboo Growth Modifier: 100%
[14:54:17] [Server thread/INFO]: SweetBerry Growth Modifier: 100%
[14:54:17] [Server thread/INFO]: Kelp Growth Modifier: 100%
[14:54:17] [Server thread/INFO]: Max TNT Explosions: 100
[14:54:17] [Server thread/INFO]: Entity Activation Range: An 32 / Mo 32 / Ra 48 / Mi 16 / Tiv true
[14:54:17] [Server thread/INFO]: Tile Max Tick Time: 50ms Entity max Tick Time: 50ms
[14:54:17] [Server thread/INFO]: Entity Tracking Range: Pl 48 / An 48 / Mo 48 / Mi 32 / Other 64
[14:54:17] [Server thread/INFO]: Hopper Transfer: 8 Hopper Check: 1 Hopper Amount: 1
[14:54:17] [Server thread/INFO]: Custom Map Seeds:  Village: 10387312 Desert: 14357617 Igloo: 14357618 Jungle: 14357619 Swamp: 14357620 Monument: 10387313Ocean: 14357621 Shipwreck: 165745295 Slime: 987234911
[14:54:17] [Server thread/INFO]: Preparing start region for dimension 'alliance'/minecraft:overworld
[14:54:17] [Server thread/INFO]: Preparing spawn area: 0%
[14:54:18] [Server thread/INFO]: Preparing spawn area: 100%
[14:54:18] [Server thread/INFO]: Loaded 441 spawn chunks for world alliance
[14:54:18] [Server thread/INFO]: Time elapsed: 660 ms
[14:54:18] [Server thread/INFO]: -------- World Settings For [websterhall] --------
[14:54:18] [Server thread/INFO]: View Distance: 13
[14:54:18] [Server thread/INFO]: Item Despawn Rate: 6000
[14:54:18] [Server thread/INFO]: Item Merge Radius: 4.0
[14:54:18] [Server thread/INFO]: Arrow Despawn Rate: 1200
[14:54:18] [Server thread/INFO]: Allow Zombie Pigmen to spawn from portal blocks: true
[14:54:18] [Server thread/INFO]: Zombie Aggressive Towards Villager: true
[14:54:18] [Server thread/INFO]: Nerfing mobs spawned from spawners: false
[14:54:18] [Server thread/INFO]: Experience Merge Radius: 6.0
[14:54:18] [Server thread/INFO]: Mob Spawn Range: 8
[14:54:18] [Server thread/INFO]: Cactus Growth Modifier: 100%
[14:54:18] [Server thread/INFO]: Cane Growth Modifier: 100%
[14:54:18] [Server thread/INFO]: Melon Growth Modifier: 100%
[14:54:18] [Server thread/INFO]: Mushroom Growth Modifier: 100%
[14:54:18] [Server thread/INFO]: Pumpkin Growth Modifier: 100%
[14:54:18] [Server thread/INFO]: Sapling Growth Modifier: 100%
[14:54:18] [Server thread/INFO]: Beetroot Growth Modifier: 100%
[14:54:18] [Server thread/INFO]: Carrot Growth Modifier: 100%
[14:54:18] [Server thread/INFO]: Potato Growth Modifier: 100%
[14:54:18] [Server thread/INFO]: Wheat Growth Modifier: 100%
[14:54:18] [Server thread/INFO]: NetherWart Growth Modifier: 100%
[14:54:18] [Server thread/INFO]: Vine Growth Modifier: 100%
[14:54:18] [Server thread/INFO]: Cocoa Growth Modifier: 100%
[14:54:18] [Server thread/INFO]: Bamboo Growth Modifier: 100%
[14:54:18] [Server thread/INFO]: SweetBerry Growth Modifier: 100%
[14:54:18] [Server thread/INFO]: Kelp Growth Modifier: 100%
[14:54:18] [Server thread/INFO]: Max TNT Explosions: 100
[14:54:18] [Server thread/INFO]: Entity Activation Range: An 32 / Mo 32 / Ra 48 / Mi 16 / Tiv true
[14:54:18] [Server thread/INFO]: Tile Max Tick Time: 50ms Entity max Tick Time: 50ms
[14:54:18] [Server thread/INFO]: Entity Tracking Range: Pl 48 / An 48 / Mo 48 / Mi 32 / Other 64
[14:54:18] [Server thread/INFO]: Hopper Transfer: 8 Hopper Check: 1 Hopper Amount: 1
[14:54:18] [Server thread/INFO]: Custom Map Seeds:  Village: 10387312 Desert: 14357617 Igloo: 14357618 Jungle: 14357619 Swamp: 14357620 Monument: 10387313Ocean: 14357621 Shipwreck: 165745295 Slime: 987234911
[14:54:18] [Server thread/INFO]: Preparing start region for dimension 'websterhall'/minecraft:overworld
[14:54:18] [Server thread/INFO]: Preparing spawn area: 0%
[14:54:18] [Server thread/INFO]: Loaded 441 spawn chunks for world websterhall
[14:54:18] [Server thread/INFO]: Time elapsed: 365 ms
[14:54:18] [Server thread/INFO]: [Multiverse-Core] 5 - World(s) loaded.
[14:54:19] [Server thread/INFO]: [Multiverse-Core] Version 4.1.0-b775 (API v24) Enabled - By Rigby, fernferret, lithium3141, main-- and dumptruckman
[14:54:19] [Server thread/INFO]: [Multiverse-Core] Help dumptruckman keep this project alive. Become a patron! https://www.patreon.com/dumptruckman
[14:54:19] [Server thread/INFO]: [Multiverse-Core] One time donations are also appreciated: https://www.paypal.me/dumptruckman
[14:54:19] [Server thread/INFO]: [Multiverse-Portals] Enabling Multiverse-Portals v4.1.0-b805
[14:54:19] [Server thread/INFO]: [Multiverse-Portals] 6 - Portals(s) loaded
[14:54:19] [Server thread/INFO]: [Multiverse-Portals 4.1.0-b805]  Enabled - By Rigby and fernferret
[14:54:19] [Server thread/INFO]: Done (4.703s)! For help, type "help"
[14:54:19] [Server thread/INFO]: Timings Reset
[14:54:19] [Craft Scheduler Thread - 3/INFO]: [mcMMO] Cleaned backup files. Deleted 1 of 6 files.
